# JRE version: Java(TM) SE Runtime Environment (13.0.1+9) (build 13.0.1+9)
# Java VM: Java HotSpot(TM) 64-Bit Server VM (13.0.1+9, mixed mode, sharing, tiered, compressed oops, g1 gc, windows-amd64)
Heap:
 garbage-first heap   total 846848K, used 318705K [0x0000000080e00000, 0x0000000100000000)
  region size 1024K, 5 young (5120K), 5 survivors (5120K)
 Metaspace       used 27416K, capacity 28558K, committed 28800K, reserved 1075200K
  class space    used 3432K, capacity 3917K, committed 3968K, reserved 1048576K
GC Heap History (20 events):
Event: 54.040 GC heap after
{Heap after GC invocations=66 (full 0):
 garbage-first heap   total 508928K, used 250854K [0x0000000080e00000, 0x0000000100000000)
  region size 1024K, 5 young (5120K), 5 survivors (5120K)
 Metaspace       used 27320K, capacity 28492K, committed 28544K, reserved 1073152K
  class space    used 3432K, capacity 3917K, committed 3968K, reserved 1048576K
}
Event: 54.067 GC heap before
{Heap before GC invocations=67 (full 0):
 garbage-first heap   total 508928K, used 259046K [0x0000000080e00000, 0x0000000100000000)
  region size 1024K, 6 young (6144K), 5 survivors (5120K)
 Metaspace       used 27333K, capacity 28492K, committed 28544K, reserved 1073152K
  class space    used 3432K, capacity 3917K, committed 3968K, reserved 1048576K
}
Event: 54.071 GC heap after
{Heap after GC invocations=68 (full 0):
 garbage-first heap   total 508928K, used 257208K [0x0000000080e00000, 0x0000000100000000)
  region size 1024K, 5 young (5120K), 5 survivors (5120K)
 Metaspace       used 27333K, capacity 28492K, committed 28544K, reserved 1073152K
  class space    used 3432K, capacity 3917K, committed 3968K, reserved 1048576K
}
Event: 54.098 GC heap before
{Heap before GC invocations=69 (full 0):
 garbage-first heap   total 508928K, used 266424K [0x0000000080e00000, 0x0000000100000000)
  region size 1024K, 6 young (6144K), 5 survivors (5120K)
 Metaspace       used 27339K, capacity 28492K, committed 28544K, reserved 1073152K
  class space    used 3432K, capacity 3917K, committed 3968K, reserved 1048576K
}
Event: 54.102 GC heap after
{Heap after GC invocations=70 (full 0):
 garbage-first heap   total 508928K, used 264258K [0x0000000080e00000, 0x0000000100000000)
  region size 1024K, 5 young (5120K), 5 survivors (5120K)
 Metaspace       used 27339K, capacity 28492K, committed 28544K, reserved 1073152K
  class space    used 3432K, capacity 3917K, committed 3968K, reserved 1048576K
}
Event: 54.129 GC heap before
{Heap before GC invocations=71 (full 0):
 garbage-first heap   total 508928K, used 272450K [0x0000000080e00000, 0x0000000100000000)
  region size 1024K, 6 young (6144K), 5 survivors (5120K)
 Metaspace       used 27351K, capacity 28493K, committed 28544K, reserved 1073152K
  class space    used 3432K, capacity 3917K, committed 3968K, reserved 1048576K
}
Event: 54.133 GC heap after
{Heap after GC invocations=72 (full 0):
 garbage-first heap   total 508928K, used 270398K [0x0000000080e00000, 0x0000000100000000)
  region size 1024K, 5 young (5120K), 5 survivors (5120K)
 Metaspace       used 27351K, capacity 28493K, committed 28544K, reserved 1073152K
  class space    used 3432K, capacity 3917K, committed 3968K, reserved 1048576K
}
Event: 54.167 GC heap before
{Heap before GC invocations=73 (full 0):
 garbage-first heap   total 508928K, used 281662K [0x0000000080e00000, 0x0000000100000000)
  region size 1024K, 6 young (6144K), 5 survivors (5120K)
 Metaspace       used 27370K, capacity 28557K, committed 28800K, reserved 1075200K
  class space    used 3432K, capacity 3917K, committed 3968K, reserved 1048576K
}
Event: 54.171 GC heap after
{Heap after GC invocations=74 (full 0):
 garbage-first heap   total 508928K, used 278618K [0x0000000080e00000, 0x0000000100000000)
  region size 1024K, 5 young (5120K), 5 survivors (5120K)
 Metaspace       used 27370K, capacity 28557K, committed 28800K, reserved 1075200K
  class space    used 3432K, capacity 3917K, committed 3968K, reserved 1048576K
}
Event: 54.197 GC heap before
{Heap before GC invocations=75 (full 0):
 garbage-first heap   total 508928K, used 287834K [0x0000000080e00000, 0x0000000100000000)
  region size 1024K, 6 young (6144K), 5 survivors (5120K)
 Metaspace       used 27381K, capacity 28557K, committed 28800K, reserved 1075200K
  class space    used 3432K, capacity 3917K, committed 3968K, reserved 1048576K
}
Event: 54.202 GC heap after
{Heap after GC invocations=76 (full 0):
 garbage-first heap   total 508928K, used 285983K [0x0000000080e00000, 0x0000000100000000)
  region size 1024K, 5 young (5120K), 5 survivors (5120K)
 Metaspace       used 27381K, capacity 28557K, committed 28800K, reserved 1075200K
  class space    used 3432K, capacity 3917K, committed 3968K, reserved 1048576K
}
Event: 54.238 GC heap before
{Heap before GC invocations=77 (full 0):
 garbage-first heap   total 508928K, used 297247K [0x0000000080e00000, 0x0000000100000000)
  region size 1024K, 6 young (6144K), 5 survivors (5120K)
 Metaspace       used 27397K, capacity 28558K, committed 28800K, reserved 1075200K
  class space    used 3432K, capacity 3917K, committed 3968K, reserved 1048576K
}
Event: 54.242 GC heap after
{Heap after GC invocations=78 (full 0):
 garbage-first heap   total 508928K, used 294247K [0x0000000080e00000, 0x0000000100000000)
  region size 1024K, 5 young (5120K), 5 survivors (5120K)
 Metaspace       used 27397K, capacity 28558K, committed 28800K, reserved 1075200K
  class space    used 3432K, capacity 3917K, committed 3968K, reserved 1048576K
}
Event: 54.267 GC heap before
{Heap before GC invocations=79 (full 0):
 garbage-first heap   total 508928K, used 302439K [0x0000000080e00000, 0x0000000100000000)
  region size 1024K, 6 young (6144K), 5 survivors (5120K)
 Metaspace       used 27406K, capacity 28558K, committed 28800K, reserved 1075200K
  class space    used 3432K, capacity 3917K, committed 3968K, reserved 1048576K
}
Event: 54.271 GC heap after
{Heap after GC invocations=80 (full 0):
 garbage-first heap   total 508928K, used 300203K [0x0000000080e00000, 0x0000000100000000)
  region size 1024K, 5 young (5120K), 5 survivors (5120K)
 Metaspace       used 27406K, capacity 28558K, committed 28800K, reserved 1075200K
  class space    used 3432K, capacity 3917K, committed 3968K, reserved 1048576K
}
Event: 54.298 GC heap before
{Heap before GC invocations=81 (full 0):
 garbage-first heap   total 517120K, used 308395K [0x0000000080e00000, 0x0000000100000000)
  region size 1024K, 6 young (6144K), 5 survivors (5120K)
 Metaspace       used 27408K, capacity 28558K, committed 28800K, reserved 1075200K
  class space    used 3432K, capacity 3917K, committed 3968K, reserved 1048576K
}
Event: 54.303 GC heap after
{Heap after GC invocations=82 (full 0):
 garbage-first heap   total 517120K, used 306185K [0x0000000080e00000, 0x0000000100000000)
  region size 1024K, 5 young (5120K), 5 survivors (5120K)
 Metaspace       used 27408K, capacity 28558K, committed 28800K, reserved 1075200K
  class space    used 3432K, capacity 3917K, committed 3968K, reserved 1048576K
}
Event: 54.329 GC heap before
{Heap before GC invocations=83 (full 0):
 garbage-first heap   total 527360K, used 314377K [0x0000000080e00000, 0x0000000100000000)
  region size 1024K, 6 young (6144K), 5 survivors (5120K)
 Metaspace       used 27411K, capacity 28558K, committed 28800K, reserved 1075200K
  class space    used 3432K, capacity 3917K, committed 3968K, reserved 1048576K
}
Event: 54.334 GC heap after
{Heap after GC invocations=84 (full 0):
 garbage-first heap   total 527360K, used 312774K [0x0000000080e00000, 0x0000000100000000)
  region size 1024K, 5 young (5120K), 5 survivors (5120K)
 Metaspace       used 27411K, capacity 28558K, committed 28800K, reserved 1075200K
  class space    used 3432K, capacity 3917K, committed 3968K, reserved 1048576K
}
Event: 54.361 GC heap before
{Heap before GC invocations=85 (full 0):
 garbage-first heap   total 537600K, used 320966K [0x0000000080e00000, 0x0000000100000000)
  region size 1024K, 6 young (6144K), 5 survivors (5120K)
 Metaspace       used 27416K, capacity 28558K, committed 28800K, reserved 1075200K
  class space    used 3432K, capacity 3917K, committed 3968K, reserved 1048576K
}

